<?xml version="1.0" encoding="UTF-8"?>
<!-- Generated by org.testng.reporters.JUnitXMLReporter -->
<testsuite hostname="DESKTOP-26I71CM" ignored="0" name="Command line test" tests="5" failures="0" timestamp="06 十一月 2017 17:34:01 GMT" time="265.194" errors="0">
  <testcase name="@BeforeMethod beforeMethod" time="38.329" classname="com.witontek.ehospital2.test.DepartmentManageTest">
    <failure type="java.lang.AssertionError" message="故意断言失败，并中断执行此用例 expected [2] but found [1]">
      <![CDATA[java.lang.AssertionError: 故意断言失败，并中断执行此用例 expected [2] but found [1]
	at com.witontek.ehospital2.base.Log.errorShot(Log.java:39)
	at com.witontek.ehospital2.base.WebElementsUtils.getElement(WebElementsUtils.java:32)
	at com.witontek.ehospital2.base.WebElementsUtils$1.apply(WebElementsUtils.java:58)
	at com.witontek.ehospital2.base.WebElementsUtils$1.apply(WebElementsUtils.java:1)
	at org.openqa.selenium.support.ui.FluentWait.until(FluentWait.java:209)
	at com.witontek.ehospital2.base.WebElementsUtils.findElement(WebElementsUtils.java:55)
	at com.witontek.ehospital2.base.WebElementsUtils.input(WebElementsUtils.java:96)
	at com.witontek.ehospital2.page.LoginPage.login(LoginPage.java:26)
	at com.witontek.ehospital2.test.DepartmentManageTest.beforeMethod(DepartmentManageTest.java:41)
... Removed 42 stack frames]]>
    </failure>
  </testcase> <!-- @BeforeMethod beforeMethod -->
  <testcase name="@AfterTest afterTest" time="0.0" classname="com.witontek.ehospital2.test.DepartmentManageTest">
    <skipped/>
  </testcase> <!-- @AfterTest afterTest -->
  <testcase name="@AfterTest afterTest" time="0.0" classname="com.witontek.ehospital2.test.DoctorManageTest">
    <skipped/>
  </testcase> <!-- @AfterTest afterTest -->
  <testcase name="@AfterTest afterTest" time="0.0" classname="com.witontek.ehospital2.test.HospitalInformationTest">
    <skipped/>
  </testcase> <!-- @AfterTest afterTest -->
  <testcase name="@AfterTest afterTest" time="0.0" classname="com.witontek.ehospital2.test.LoginTest">
    <skipped/>
  </testcase> <!-- @AfterTest afterTest -->
  <testcase name="@AfterTest afterTest" time="0.0" classname="com.witontek.ehospital2.test.SubscriptionManageTest">
    <skipped/>
  </testcase> <!-- @AfterTest afterTest -->
  <testcase name="searchDepManDepartment" time="0.0" classname="com.witontek.ehospital2.test.DepartmentManageTest">
    <skipped/>
  </testcase> <!-- searchDepManDepartment -->
  <testcase name="searchDocManDoctor" time="5.312" classname="com.witontek.ehospital2.test.DoctorManageTest"/>
  <testcase name="updateHospitalInformation" time="12.305" classname="com.witontek.ehospital2.test.HospitalInformationTest"/>
  <testcase name="loginSuccess" time="20.015" classname="com.witontek.ehospital2.test.LoginTest"/>
  <testcase name="selectSubscriptionDate" time="4.375" classname="com.witontek.ehospital2.test.SubscriptionManageTest"/>
</testsuite> <!-- Command line test -->
